d:\big_2\bighw_2\90-02-final\x64\debug\vc142.pdb
d:\big_2\bighw_2\90-02-final\x64\debug\vc142.idb
d:\big_2\bighw_2\90-02-final\x64\debug\90-02-final-mto10.obj
d:\big_2\bighw_2\90-02-final\x64\debug\90-02-final.obj
d:\big_2\bighw_2\90-02-final\x64\debug\common_mybase_tool.obj
d:\big_2\bighw_2\90-02-final\x64\debug\class_gmw_sli.obj
d:\big_2\bighw_2\90-02-final\x64\debug\class_gmw_cfi.obj
d:\big_2\bighw_2\90-02-final\x64\debug\class_gmw_cbi.obj
d:\big_2\bighw_2\90-02-final\x64\debug\class_gmw.obj
d:\big_2\bighw_2\90-02-final\x64\debug\class_cft.obj
d:\big_2\bighw_2\90-02-final\x64\debug\class_cct.obj
d:\big_2\bighw_2\90-02-final\x64\debug\class_aat.obj
d:\big_2\bighw_2\x64\debug\90-02-final.ilk
d:\big_2\bighw_2\x64\debug\90-02-final.exe
d:\big_2\bighw_2\x64\debug\90-02-final.pdb
d:\big_2\bighw_2\90-02-final\x64\debug\90-02-final.tlog\cl.command.1.tlog
d:\big_2\bighw_2\90-02-final\x64\debug\90-02-final.tlog\cl.read.1.tlog
d:\big_2\bighw_2\90-02-final\x64\debug\90-02-final.tlog\cl.write.1.tlog
d:\big_2\bighw_2\90-02-final\x64\debug\90-02-final.tlog\link.command.1.tlog
d:\big_2\bighw_2\90-02-final\x64\debug\90-02-final.tlog\link.read.1.tlog
d:\big_2\bighw_2\90-02-final\x64\debug\90-02-final.tlog\link.write.1.tlog
