d:\bighw\90-02-b2\debug\vc142.pdb
d:\bighw\90-02-b2\debug\vc142.idb
d:\bighw\90-02-b2\debug\test_draw_peppapig.obj
d:\bighw\90-02-b2\debug\hdc_1952339_math.obj
d:\bighw\90-02-b2\debug\hdc_1952339_cartoon.obj
d:\bighw\90-02-b2\debug\hdc_1851977_math.obj
d:\bighw\90-02-b2\debug\hdc_1851977_cartoon.obj
d:\bighw\90-02-b2\debug\hdc_1851573_math.obj
d:\bighw\90-02-b2\debug\hdc_1851573_cartoon.obj
d:\bighw\90-02-b2\debug\hdc_1851441_math.obj
d:\bighw\90-02-b2\debug\hdc_1851441_cartoon.obj
d:\bighw\90-02-b2\debug\90-02-b2-test_hdc.obj
d:\bighw\90-02-b2\debug\cmd_hdc_tools.obj
d:\bighw\90-02-b2\debug\cmd_console_tools.obj
d:\bighw\debug\90-02-b2.ilk
d:\bighw\debug\90-02-b2.exe
d:\bighw\debug\90-02-b2.pdb
d:\bighw\90-02-b2\debug\90-02-b2.tlog\cl.command.1.tlog
d:\bighw\90-02-b2\debug\90-02-b2.tlog\cl.read.1.tlog
d:\bighw\90-02-b2\debug\90-02-b2.tlog\cl.write.1.tlog
d:\bighw\90-02-b2\debug\90-02-b2.tlog\link.command.1.tlog
d:\bighw\90-02-b2\debug\90-02-b2.tlog\link.read.1.tlog
d:\bighw\90-02-b2\debug\90-02-b2.tlog\link.write.1.tlog
